  main.cpp
C:\Users\ayush\source\repos\mdUI\include\MDui.h(15,2): warning C4091: 'typedef ': ignored on left of 'V2' when no variable is declared
  (compiling source file 'main.cpp')
  
C:\Users\ayush\source\repos\mdUI\include\MDui.h(99,15): warning C4244: '=': conversion from 'float' to 'int', possible loss of data
  (compiling source file 'main.cpp')
  
C:\Users\ayush\source\repos\mdUI\include\MDui.h(100,15): warning C4244: '=': conversion from 'float' to 'int', possible loss of data
  (compiling source file 'main.cpp')
  
C:\Users\ayush\source\repos\mdUI\include\MDui.h(105,64): warning C4244: 'argument': conversion from 'float' to 'int', possible loss of data
  (compiling source file 'main.cpp')
  
C:\Users\ayush\source\repos\mdUI\include\MDui.h(105,31): warning C4244: 'argument': conversion from 'float' to 'int', possible loss of data
  (compiling source file 'main.cpp')
  
C:\Users\ayush\source\repos\mdUI\include\MDui.h(107,50): warning C4244: 'argument': conversion from 'float' to 'int', possible loss of data
  (compiling source file 'main.cpp')
  
C:\Users\ayush\source\repos\mdUI\include\MDui.h(107,26): warning C4244: 'argument': conversion from 'float' to 'int', possible loss of data
  (compiling source file 'main.cpp')
  
C:\Users\ayush\source\repos\mdUI\include\MDui.h(113,90): warning C4244: 'argument': conversion from 'float' to 'int', possible loss of data
  (compiling source file 'main.cpp')
  
C:\Users\ayush\source\repos\mdUI\include\MDui.h(113,71): warning C4244: 'argument': conversion from 'float' to 'int', possible loss of data
  (compiling source file 'main.cpp')
  
C:\Users\ayush\source\repos\mdUI\include\MDui.h(113,54): warning C4244: 'argument': conversion from 'float' to 'int', possible loss of data
  (compiling source file 'main.cpp')
  
C:\Users\ayush\source\repos\mdUI\include\MDui.h(113,30): warning C4244: 'argument': conversion from 'float' to 'int', possible loss of data
  (compiling source file 'main.cpp')
  
C:\Users\ayush\source\repos\mdUI\include\MDui.h(131,61): warning C4244: 'argument': conversion from 'float' to 'int', possible loss of data
  (compiling source file 'main.cpp')
  
C:\Users\ayush\source\repos\mdUI\include\MDui.h(131,35): warning C4244: 'argument': conversion from 'float' to 'int', possible loss of data
  (compiling source file 'main.cpp')
  
C:\Users\ayush\source\repos\mdUI\include\MDui.h(135,70): warning C4244: 'argument': conversion from 'float' to 'int', possible loss of data
  (compiling source file 'main.cpp')
  
C:\Users\ayush\source\repos\mdUI\include\MDui.h(135,44): warning C4244: 'argument': conversion from 'float' to 'int', possible loss of data
  (compiling source file 'main.cpp')
  
C:\Users\ayush\source\repos\mdUI\include\MDui.h(147,52): warning C4244: 'argument': conversion from 'float' to 'int', possible loss of data
  (compiling source file 'main.cpp')
  
C:\Users\ayush\source\repos\mdUI\include\MDui.h(147,28): warning C4244: 'argument': conversion from 'float' to 'int', possible loss of data
  (compiling source file 'main.cpp')
  
C:\Users\ayush\source\repos\mdUI\include\MDui.h(180,13): warning C4267: '=': conversion from 'size_t' to 'int', possible loss of data
  (compiling source file 'main.cpp')
  
C:\Users\ayush\source\repos\mdUI\include\MDui.h(214,17): warning C4244: 'initializing': conversion from 'float' to 'int', possible loss of data
  (compiling source file 'main.cpp')
  
C:\Users\ayush\source\repos\mdUI\include\MDui.h(276,33): warning C4244: '=': conversion from 'float' to 'int', possible loss of data
  (compiling source file 'main.cpp')
  
C:\Users\ayush\source\repos\mdUI\include\MDui.h(281,33): warning C4244: '=': conversion from 'float' to 'int', possible loss of data
  (compiling source file 'main.cpp')
  
C:\Users\ayush\source\repos\mdUI\include\MDui.h(305,41): warning C4267: 'argument': conversion from 'size_t' to 'int', possible loss of data
  (compiling source file 'main.cpp')
  
C:\Users\ayush\source\repos\mdUI\include\MDui.h(305,27): warning C4267: 'argument': conversion from 'size_t' to 'int', possible loss of data
  (compiling source file 'main.cpp')
  
C:\Users\ayush\source\repos\mdUI\include\MDui.h(307,50): warning C4267: 'argument': conversion from 'size_t' to 'int', possible loss of data
  (compiling source file 'main.cpp')
  
C:\Users\ayush\source\repos\mdUI\include\MDui.h(307,23): warning C4267: 'argument': conversion from 'size_t' to 'int', possible loss of data
  (compiling source file 'main.cpp')
  
C:\Users\ayush\source\repos\mdUI\include\MDui.h(431,10): warning C4244: 'initializing': conversion from 'float' to 'int', possible loss of data
  (compiling source file 'main.cpp')
  
C:\Users\ayush\source\repos\mdUI\include\MDui.h(482,13): warning C4267: '=': conversion from 'size_t' to 'int', possible loss of data
  (compiling source file 'main.cpp')
  
C:\Users\ayush\source\repos\mdUI\main.cpp(10,53): warning C4305: 'argument': truncation from 'double' to 'float'
C:\Users\ayush\source\repos\mdUI\main.cpp(19,52): warning C4305: 'argument': truncation from 'double' to 'float'
C:\Users\ayush\source\repos\mdUI\include\MDui.h(511,1): warning C4715: 'MDui::focusedEl': not all control paths return a value
  mdUI.vcxproj -> C:\Users\ayush\source\repos\mdUI\x64\Debug\mdUI.exe
